Parser:       <program>
Parser:         <type>
Parser:         </type>
Parser:         <func decl>
 1:   int main ()
 2:  {
Parser:           <func-body>
Parser:             <type>
 3:     int i;
Parser:             </type>
Parser:             <var decl>
 4:  
Parser:             </var decl>
Parser:             <statm list>
Parser:               <statement>
Parser:                 <for-statm>
Parser:                   <for-control>
Parser:                     <assignment>
Parser:                       <lhs-variable>
Parser:                         <variable>
Parser:                         </variable>
Parser:                       </lhs-variable>
Parser:                       <expression>
Parser:                         <term>
Parser:                           <factor>
Parser:                             <primary>
Parser:                               <operand>
Parser:                                 <number>
Parser:                                 </number>
Parser:                               </operand>
Parser:                             </primary>
Parser:                           </factor>
Parser:                         </term>
Parser:                       </expression>
Parser:                     </assignment>
Parser:                     <expression>
Parser:                       <term>
Parser:                         <factor>
Parser:                           <primary>
Parser:                             <operand>
Parser:                               <variable>
Parser:                               </variable>
Parser:                             </operand>
Parser:                           </primary>
Parser:                         </factor>
Parser:                       </term>
Parser:                       <rel opr>
Parser:                       </rel opr>
Parser:                       <term>
Parser:                         <factor>
Parser:                           <primary>
Parser:                             <operand>
Parser:                               <number>
Parser:                               </number>
Parser:                             </operand>
Parser:                           </primary>
Parser:                         </factor>
Parser:                       </term>
Parser:                     </expression>
Parser:                     <assignment>
Parser:                       <lhs-variable>
Parser:                         <variable>
Parser:                         </variable>
Parser:                       </lhs-variable>
Parser:                       <expression>
Parser:                         <term>
Parser:                           <factor>
Parser:                             <primary>
Parser:                               <operand>
Parser:                                 <variable>
Parser:                                 </variable>
Parser:                               </operand>
Parser:                             </primary>
Parser:                           </factor>
Parser:                           <term opr>
Parser:                           </term opr>
Parser:                           <factor>
Parser:                             <primary>
Parser:                               <operand>
Parser:                                 <number>
Parser:                                 </number>
Parser:                               </operand>
Parser:                             </primary>
Parser:                           </factor>
Parser:                         </term>
Parser:                       </expression>
Parser:                     </assignment>
Parser:                   </for-control>
AlboC error in line 4: A rightParToken expected, but found a semicolonToken!
