 0:  
 1:  /* Dette programmet sjekker kommentarer.
 2:     For eksempel er /* indre kommentarer */ ikke lov.
 3:  */
 4:  
 5:  int main ()
Scanner:	intToken
Scanner:	nameToken main
Scanner:	leftParToken
 6:  {
Scanner:	rightParToken
 7:     putchar('!');  putchar(10);
Scanner:	leftCurlToken
Scanner:	nameToken putchar
Scanner:	leftParToken
Scanner:	numberToken 33
Scanner:	rightParToken
Scanner:	semicolonToken
Scanner:	nameToken putchar
Scanner:	leftParToken
Scanner:	numberToken 10
Scanner:	rightParToken
Scanner:	eofToken
