Parser:       <program>
Parser:         <type>
Parser:         </type>
Parser:         <func decl>
 1:   int main () 
 2:  {
Parser:           <func-body>
Parser:             <type>
Parser:             </type>
Parser:             <var decl>
Parser:             </var decl>
Parser:             <statm list>
Parser:               <statement>
Parser:                 <assign-statm>
Parser:                   <assignment>
Parser:                     <lhs-variable>
Parser:                       <variable>
Parser:                       </variable>
Parser:                     </lhs-variable>
 3:     int x;  x = 'x';
Parser:                     <expression>
Parser:                       <term>
Parser:                         <factor>
Parser:                           <primary>
Parser:                             <operand>
Parser:                               <number>
Parser:                               </number>
Parser:                             </operand>
Parser:                           </primary>
Parser:                         </factor>
Parser:                       </term>
Parser:                     </expression>
Parser:                   </assignment>
Parser:                 </assign-statm>
Parser:               </statement>
Parser:               <statement>
Parser:                 <call-statm>
Parser:                   <function call>
Parser:                     <expr list>
Parser:                       <expression>
Parser:                         <term>
Parser:                           <factor>
Parser:                             <primary>
Parser:                               <operand>
Parser:                                 <inner expr>
Parser:                                   <expression>
Parser:                                     <term>
Parser:                                       <factor>
Parser:                                         <primary>
Parser:                                           <operand>
Parser:                                             <inner expr>
Parser:                                               <expression>
Parser:                                                 <term>
Parser:                                                   <factor>
Parser:                                                     <primary>
Parser:                                                       <operand>
Parser:                                                         <variable>
Parser:                                                         </variable>
Parser:                                                       </operand>
Parser:                                                     </primary>
Parser:                                                   </factor>
Parser:                                                 </term>
Parser:                                               </expression>
Parser:                                             </inner expr>
Parser:                                           </operand>
Parser:                                         </primary>
Parser:                                       </factor>
Parser:                                     </term>
Parser:                                   </expression>
 4:     putint(((x));  /* En ) for lite! */
Parser:                                 </inner expr>
Parser:                               </operand>
Parser:                             </primary>
Parser:                           </factor>
Parser:                         </term>
Parser:                       </expression>
Parser:                     </expr list>
AlboC error in line 3: A rightParToken expected, but found a semicolonToken!
